[debug] [2017-09-06T14:22:13.627Z] ----------------------------------------------------------------------
[debug] [2017-09-06T14:22:13.629Z] Command:       /usr/local/bin/node /usr/local/bin/firebase deploy
[debug] [2017-09-06T14:22:13.629Z] CLI Version:   3.10.0
[debug] [2017-09-06T14:22:13.629Z] Platform:      darwin
[debug] [2017-09-06T14:22:13.629Z] Node Version:  v8.2.0
[debug] [2017-09-06T14:22:13.630Z] Time:          Wed Sep 06 2017 15:22:13 GMT+0100 (BST)
[debug] [2017-09-06T14:22:13.630Z] ----------------------------------------------------------------------
[debug] 
[debug] [2017-09-06T14:22:13.641Z] > command requires scopes: ["email","openid","https://www.googleapis.com/auth/cloudplatformprojects.readonly","https://www.googleapis.com/auth/firebase","https://www.googleapis.com/auth/cloud-platform"]
[debug] [2017-09-06T14:22:13.641Z] > authorizing via signed-in user
[debug] [2017-09-06T14:22:13.643Z] > refreshing access token with scopes: ["email","https://www.googleapis.com/auth/cloud-platform","https://www.googleapis.com/auth/cloudplatformprojects.readonly","https://www.googleapis.com/auth/firebase","openid"]
[debug] [2017-09-06T14:22:13.643Z] >>> HTTP REQUEST POST https://www.googleapis.com/oauth2/v3/token { refresh_token: '1/juTjvboFaWTvKW6aP6LOX0UDwIzT1149zzV9H9R7p4U6DvzK8vbJGUh76ikSXzMP',
  client_id: '563584335869-fgrhgmd47bqnekij5i8b5pr03ho849e6.apps.googleusercontent.com',
  client_secret: 'j9iVZfS8kkCEFUPaAeJV0sAi',
  grant_type: 'refresh_token',
  scope: 'email https://www.googleapis.com/auth/cloud-platform https://www.googleapis.com/auth/cloudplatformprojects.readonly https://www.googleapis.com/auth/firebase openid' } 
 Wed Sep 06 2017 15:22:13 GMT+0100 (BST)
[debug] [2017-09-06T14:22:13.882Z] <<< HTTP RESPONSE 200
[debug] [2017-09-06T14:22:13.889Z] >>> HTTP REQUEST GET https://admin.firebase.com/v1/projects/pimdewit-portfolio-2017  
 Wed Sep 06 2017 15:22:13 GMT+0100 (BST)
